Log file open, 01/29/20 13:51:02
LogWindows: Failed to load 'aqProf.dll' (GetLastError=126)
LogWindows: File 'aqProf.dll' does not exist
LogWindows: Failed to load 'VtuneApi.dll' (GetLastError=126)
LogWindows: File 'VtuneApi.dll' does not exist
LogWindows: Failed to load 'VtuneApi32e.dll' (GetLastError=126)
LogWindows: File 'VtuneApi32e.dll' does not exist
LogConsoleResponse: Display: Failed to find resolution value strings in scalability ini. Falling back to default.
LogInit: Display: Running engine for game: TG_2019
LogPlatformFile: Not using cached read wrapper
LogTaskGraph: Started task graph with 5 named threads and 35 total threads with 3 sets of task threads.
LogStats: Stats thread started at 0.058082
LogD3D11RHI: Loaded GFSDK_Aftermath_Lib.x64.dll
LogICUInternationalization: ICU TimeZone Detection - Raw Offset: -8:00, Platform Override: ''
LogPluginManager: Mounting plugin Paper2D
LogPluginManager: Mounting plugin AISupport
LogPluginManager: Mounting plugin LightPropagationVolume
LogPluginManager: Mounting plugin ActorLayerUtilities
LogPluginManager: Mounting plugin AnimationSharing
LogPluginManager: Mounting plugin CLionSourceCodeAccess
LogPluginManager: Mounting plugin CodeLiteSourceCodeAccess
LogPluginManager: Mounting plugin GitSourceControl
LogPluginManager: Mounting plugin KDevelopSourceCodeAccess
LogPluginManager: Mounting plugin NullSourceCodeAccess
LogPluginManager: Mounting plugin PerforceSourceControl
LogPluginManager: Mounting plugin SubversionSourceControl
LogPluginManager: Mounting plugin UObjectPlugin
LogPluginManager: Mounting plugin VisualStudioCodeSourceCodeAccess
LogPluginManager: Mounting plugin VisualStudioSourceCodeAccess
LogPluginManager: Mounting plugin XCodeSourceCodeAccess
LogPluginManager: Mounting plugin AssetManagerEditor
LogPluginManager: Mounting plugin CryptoKeys
LogPluginManager: Mounting plugin CurveEditorTools
LogPluginManager: Mounting plugin DataValidation
LogPluginManager: Mounting plugin FacialAnimation
LogPluginManager: Mounting plugin GameplayTagsEditor
LogPluginManager: Mounting plugin MacGraphicsSwitching
LogPluginManager: Mounting plugin MaterialAnalyzer
LogPluginManager: Mounting plugin MobileLauncherProfileWizard
LogPluginManager: Mounting plugin PluginBrowser
LogPluginManager: Mounting plugin SpeedTreeImporter
LogPluginManager: Mounting plugin DatasmithContent
LogPluginManager: Mounting plugin VariantManagerContent
LogPluginManager: Mounting plugin AlembicImporter
LogPluginManager: Mounting plugin AutomationUtils
LogPluginManager: Mounting plugin BackChannel
LogPluginManager: Mounting plugin CharacterAI
LogPluginManager: Mounting plugin GeometryCache
LogPluginManager: Mounting plugin HTML5Networking
LogPluginManager: Mounting plugin PlatformCrypto
LogPluginManager: Mounting plugin ProxyLODPlugin
LogPluginManager: Mounting plugin SkeletalReduction
LogPluginManager: Mounting plugin MagicLeap
LogPluginManager: Mounting plugin MagicLeapMedia
LogPluginManager: Mounting plugin AndroidMedia
LogPluginManager: Mounting plugin AvfMedia
LogPluginManager: Mounting plugin ImgMedia
LogPluginManager: Mounting plugin MediaCompositing
LogPluginManager: Mounting plugin MediaPlayerEditor
LogPluginManager: Mounting plugin WebMMedia
LogPluginManager: Mounting plugin WmfMedia
LogPluginManager: Mounting plugin TcpMessaging
LogPluginManager: Mounting plugin UdpMessaging
LogPluginManager: Mounting plugin ActorSequence
LogPluginManager: Mounting plugin LevelSequenceEditor
LogPluginManager: Mounting plugin MatineeToLevelSequence
LogPluginManager: Mounting plugin NetcodeUnitTest
LogPluginManager: Mounting plugin NUTUnrealEngine4
LogPluginManager: Mounting plugin OnlineSubsystemGooglePlay
LogPluginManager: Mounting plugin OnlineSubsystemIOS
LogPluginManager: Mounting plugin OnlineSubsystem
LogPluginManager: Mounting plugin OnlineSubsystemNull
LogPluginManager: Mounting plugin OnlineSubsystemUtils
LogPluginManager: Mounting plugin LauncherChunkInstaller
LogPluginManager: Mounting plugin AndroidDeviceProfileSelector
LogPluginManager: Mounting plugin AndroidMoviePlayer
LogPluginManager: Mounting plugin AndroidPermission
LogPluginManager: Mounting plugin AppleImageUtils
LogPluginManager: Mounting plugin AppleMoviePlayer
LogPluginManager: Mounting plugin ArchVisCharacter
LogPluginManager: Mounting plugin AudioCapture
LogPluginManager: Mounting plugin CableComponent
LogPluginManager: Mounting plugin CustomMeshComponent
LogPluginManager: Mounting plugin EditableMesh
LogPluginManager: Mounting plugin ExampleDeviceProfileSelector
LogPluginManager: Mounting plugin GoogleCloudMessaging
LogPluginManager: Mounting plugin IOSDeviceProfileSelector
LogPluginManager: Mounting plugin LinuxDeviceProfileSelector
LogPluginManager: Mounting plugin LocationServicesBPLibrary
LogPluginManager: Mounting plugin MobilePatchingUtils
LogPluginManager: Mounting plugin OculusVR
LogPluginManager: Mounting plugin PhysXVehicles
LogPluginManager: Mounting plugin ProceduralMeshComponent
LogPluginManager: Mounting plugin RuntimePhysXCooking
LogPluginManager: Mounting plugin SignificanceManager
LogPluginManager: Mounting plugin SteamVR
LogPluginManager: Mounting plugin WebMMoviePlayer
LogPluginManager: Mounting plugin WindowsMoviePlayer
LogPluginManager: Mounting plugin ScreenshotTools
LogInit: Using libcurl 7.55.1-DEV
LogInit:  - built for x86_64-pc-win32
LogInit:  - supports SSL with OpenSSL/1.1.1
LogInit:  - supports HTTP deflate (compression) using libz 1.2.8
LogInit:  - other features:
LogInit:      CURL_VERSION_SSL
LogInit:      CURL_VERSION_LIBZ
LogInit:      CURL_VERSION_IPV6
LogInit:      CURL_VERSION_ASYNCHDNS
LogInit:      CURL_VERSION_LARGEFILE
LogInit:      CURL_VERSION_IDN
LogInit:  CurlRequestOptions (configurable via config and command line):
LogInit:  - bVerifyPeer = true  - Libcurl will verify peer certificate
LogInit:  - bUseHttpProxy = false  - Libcurl will NOT use HTTP proxy
LogInit:  - bDontReuseConnections = false  - Libcurl will reuse connections
LogInit:  - MaxHostConnections = 16  - Libcurl will limit the number of connections to a host
LogInit:  - LocalHostAddr = Default
LogInit:  - BufferSize = 65536
LogOnline: OSS: Creating online subsystem instance for: NULL
LogInit: WinSock: version 1.1 (2.2), MaxSocks=32767, MaxUdp=65467
LogInit: Build: ++UE4+Release-4.23-CL-8386587
LogInit: Engine Version: 4.23.0-8386587+++UE4+Release-4.23
LogInit: Compatible Engine Version: 4.23.0-8386587+++UE4+Release-4.23
LogInit: Net CL: 8386587
LogInit: OS: Windows 10 (Release 1903) (), CPU: Intel(R) Core(TM) i7-8700 CPU @ 3.20GHz, GPU: NVIDIA GeForce GTX 970
LogInit: Compiled (64-bit): Aug 31 2019 02:04:44
LogInit: Compiled with Visual C++: 19.16.27030.01
LogInit: Build Configuration: Development
LogInit: Branch Name: ++UE4+Release-4.23
LogInit: Command Line: 
LogInit: Base Directory: C:/Program Files/Epic Games/UE_4.23/Engine/Binaries/Win64/
LogInit: Installed Engine Build: 1
LogDevObjectVersion: Number of dev versions registered: 23
LogDevObjectVersion:   Dev-Blueprints (B0D832E4-1F89-4F0D-ACCF-7EB736FD4AA2): 10
LogDevObjectVersion:   Dev-Build (E1C64328-A22C-4D53-A36C-8E866417BD8C): 0
LogDevObjectVersion:   Dev-Core (375EC13C-06E4-48FB-B500-84F0262A717E): 3
LogDevObjectVersion:   Dev-Editor (E4B068ED-F494-42E9-A231-DA0B2E46BB41): 34
LogDevObjectVersion:   Dev-Framework (CFFC743F-43B0-4480-9391-14DF171D2073): 35
LogDevObjectVersion:   Dev-Mobile (B02B49B5-BB20-44E9-A304-32B752E40360): 2
LogDevObjectVersion:   Dev-Networking (A4E4105C-59A1-49B5-A7C5-40C4547EDFEE): 0
LogDevObjectVersion:   Dev-Online (39C831C9-5AE6-47DC-9A44-9C173E1C8E7C): 0
LogDevObjectVersion:   Dev-Physics (78F01B33-EBEA-4F98-B9B4-84EACCB95AA2): 0
LogDevObjectVersion:   Dev-Platform (6631380F-2D4D-43E0-8009-CF276956A95A): 0
LogDevObjectVersion:   Dev-Rendering (12F88B9F-8875-4AFC-A67C-D90C383ABD29): 31
LogDevObjectVersion:   Dev-Sequencer (7B5AE74C-D270-4C10-A958-57980B212A5A): 11
LogDevObjectVersion:   Dev-VR (D7296918-1DD6-4BDD-9DE2-64A83CC13884): 2
LogDevObjectVersion:   Dev-LoadTimes (C2A15278-BFE7-4AFE-6C17-90FF531DF755): 1
LogDevObjectVersion:   Private-Geometry (6EACA3D4-40EC-4CC1-B786-8BED09428FC5): 3
LogDevObjectVersion:   Dev-AnimPhys (29E575DD-E0A3-4627-9D10-D276232CDCEA): 17
LogDevObjectVersion:   Dev-Anim (AF43A65D-7FD3-4947-9873-3E8ED9C1BB05): 2
LogDevObjectVersion:   Dev-ReflectionCapture (6B266CEC-1EC7-4B8F-A30B-E4D90942FC07): 1
LogDevObjectVersion:   Dev-Automation (0DF73D61-A23F-47EA-B727-89E90C41499A): 1
LogDevObjectVersion:   FortniteMain (601D1886-AC64-4F84-AA16-D3DE0DEAC7D6): 27
LogDevObjectVersion:   Dev-Enterprise (9DFFBCD6-494F-0158-E221-12823C92A888): 6
LogDevObjectVersion:   Dev-Niagara (F2AED0AC-9AFE-416F-8664-AA7FFA26D6FC): 1
LogDevObjectVersion:   Dev-Destruction (174F1F0B-B4C6-45A5-B13F-2EE8D0FB917D): 9
LogInit: Presizing for max 16777216 objects, including 0 objects not considered by GC, pre-allocating 0 bytes for permanent pool.
LogInit: Object subsystem initialized
LogConfig: Setting CVar [[con.DebugEarlyDefault:1]]
LogConfig: Setting CVar [[r.setres:1280x720]]
[2020.01.29-21.51.02:268][  0]LogConfig: Setting CVar [[r.VSync:0]]
[2020.01.29-21.51.02:268][  0]LogConfig: Setting CVar [[r.RHICmdBypass:0]]
[2020.01.29-21.51.02:268][  0]LogConfig: Applying CVar settings from Section [/Script/Engine.RendererSettings] File [F:/UdemyCourse/UE4C++/TG_2019/TG_2019/Saved/Config/Windows/Engine.ini]
[2020.01.29-21.51.02:268][  0]LogConfig: Setting CVar [[r.GPUCrashDebugging:0]]
[2020.01.29-21.51.02:268][  0]LogConfig: Applying CVar settings from Section [/Script/Engine.RendererOverrideSettings] File [F:/UdemyCourse/UE4C++/TG_2019/TG_2019/Saved/Config/Windows/Engine.ini]
[2020.01.29-21.51.02:268][  0]LogConfig: Applying CVar settings from Section [/Script/Engine.StreamingSettings] File [F:/UdemyCourse/UE4C++/TG_2019/TG_2019/Saved/Config/Windows/Engine.ini]
[2020.01.29-21.51.02:268][  0]LogConfig: Setting CVar [[s.MinBulkDataSizeForAsyncLoading:131072]]
[2020.01.29-21.51.02:268][  0]LogConfig: Setting CVar [[s.AsyncLoadingThreadEnabled:0]]
[2020.01.29-21.51.02:268][  0]LogConfig: Setting CVar [[s.EventDrivenLoaderEnabled:1]]
[2020.01.29-21.51.02:268][  0]LogConfig: Setting CVar [[s.WarnIfTimeLimitExceeded:0]]
[2020.01.29-21.51.02:268][  0]LogConfig: Setting CVar [[s.TimeLimitExceededMultiplier:1.5]]
[2020.01.29-21.51.02:268][  0]LogConfig: Setting CVar [[s.TimeLimitExceededMinTime:0.005]]
[2020.01.29-21.51.02:268][  0]LogConfig: Setting CVar [[s.UseBackgroundLevelStreaming:1]]
[2020.01.29-21.51.02:268][  0]LogConfig: Setting CVar [[s.PriorityAsyncLoadingExtraTime:15.0]]
[2020.01.29-21.51.02:268][  0]LogConfig: Setting CVar [[s.LevelStreamingActorsUpdateTimeLimit:5.0]]
[2020.01.29-21.51.02:268][  0]LogConfig: Setting CVar [[s.PriorityLevelStreamingActorsUpdateExtraTime:5.0]]
[2020.01.29-21.51.02:268][  0]LogConfig: Setting CVar [[s.LevelStreamingComponentsRegistrationGranularity:10]]
[2020.01.29-21.51.02:268][  0]LogConfig: Setting CVar [[s.UnregisterComponentsTimeLimit:1.0]]
[2020.01.29-21.51.02:268][  0]LogConfig: Setting CVar [[s.LevelStreamingComponentsUnregistrationGranularity:5]]
[2020.01.29-21.51.02:268][  0]LogConfig: Applying CVar settings from Section [/Script/Engine.GarbageCollectionSettings] File [F:/UdemyCourse/UE4C++/TG_2019/TG_2019/Saved/Config/Windows/Engine.ini]
[2020.01.29-21.51.02:268][  0]LogConfig: Setting CVar [[gc.MaxObjectsNotConsideredByGC:1]]
[2020.01.29-21.51.02:268][  0]LogConfig: Setting CVar [[gc.SizeOfPermanentObjectPool:0]]
[2020.01.29-21.51.02:268][  0]LogConfig: Setting CVar [[gc.FlushStreamingOnGC:0]]
[2020.01.29-21.51.02:268][  0]LogConfig: Setting CVar [[gc.NumRetriesBeforeForcingGC:10]]
[2020.01.29-21.51.02:268][  0]LogConfig: Setting CVar [[gc.AllowParallelGC:1]]
[2020.01.29-21.51.02:268][  0]LogConfig: Setting CVar [[gc.TimeBetweenPurgingPendingKillObjects:61.1]]
[2020.01.29-21.51.02:268][  0]LogConfig: Setting CVar [[gc.MaxObjectsInEditor:16777216]]
[2020.01.29-21.51.02:268][  0]LogConfig: Setting CVar [[gc.IncrementalBeginDestroyEnabled:1]]
[2020.01.29-21.51.02:268][  0]LogConfig: Setting CVar [[gc.CreateGCClusters:1]]
[2020.01.29-21.51.02:268][  0]LogConfig: Setting CVar [[gc.MinGCClusterSize:5]]
[2020.01.29-21.51.02:268][  0]LogConfig: Setting CVar [[gc.ActorClusteringEnabled:0]]
[2020.01.29-21.51.02:268][  0]LogConfig: Setting CVar [[gc.BlueprintClusteringEnabled:0]]
[2020.01.29-21.51.02:268][  0]LogConfig: Setting CVar [[gc.UseDisregardForGCOnDedicatedServers:0]]
[2020.01.29-21.51.02:268][  0]LogConfig: Applying CVar settings from Section [/Script/Engine.NetworkSettings] File [F:/UdemyCourse/UE4C++/TG_2019/TG_2019/Saved/Config/Windows/Engine.ini]
[2020.01.29-21.51.02:268][  0]LogConfig: Applying CVar settings from Section [/Script/UnrealEd.CookerSettings] File [F:/UdemyCourse/UE4C++/TG_2019/TG_2019/Saved/Config/Windows/Engine.ini]
[2020.01.29-21.51.02:272][  0]LogConfig: Applying CVar settings from Section [ViewDistanceQuality@3] File [F:/UdemyCourse/UE4C++/TG_2019/TG_2019/Saved/Config/Windows/Scalability.ini]
[2020.01.29-21.51.02:272][  0]LogConfig: Setting CVar [[r.SkeletalMeshLODBias:0]]
[2020.01.29-21.51.02:272][  0]LogConfig: Setting CVar [[r.ViewDistanceScale:1.0]]
[2020.01.29-21.51.02:272][  0]LogConfig: Applying CVar settings from Section [AntiAliasingQuality@3] File [F:/UdemyCourse/UE4C++/TG_2019/TG_2019/Saved/Config/Windows/Scalability.ini]
[2020.01.29-21.51.02:272][  0]LogConfig: Setting CVar [[r.PostProcessAAQuality:4]]
[2020.01.29-21.51.02:272][  0]LogConfig: Applying CVar settings from Section [ShadowQuality@3] File [F:/UdemyCourse/UE4C++/TG_2019/TG_2019/Saved/Config/Windows/Scalability.ini]
[2020.01.29-21.51.02:272][  0]LogConfig: Setting CVar [[r.LightFunctionQuality:1]]
[2020.01.29-21.51.02:272][  0]LogConfig: Setting CVar [[r.ShadowQuality:5]]
[2020.01.29-21.51.02:272][  0]LogConfig: Setting CVar [[r.Shadow.CSM.MaxCascades:10]]
[2020.01.29-21.51.02:272][  0]LogConfig: Setting CVar [[r.Shadow.MaxResolution:2048]]
[2020.01.29-21.51.02:272][  0]LogConfig: Setting CVar [[r.Shadow.MaxCSMResolution:2048]]
[2020.01.29-21.51.02:272][  0]LogConfig: Setting CVar [[r.Shadow.RadiusThreshold:0.01]]
[2020.01.29-21.51.02:272][  0]LogConfig: Setting CVar [[r.Shadow.DistanceScale:1.0]]
[2020.01.29-21.51.02:272][  0]LogConfig: Setting CVar [[r.Shadow.CSM.TransitionScale:1.0]]
[2020.01.29-21.51.02:272][  0]LogConfig: Setting CVar [[r.Shadow.PreShadowResolutionFactor:1.0]]
[2020.01.29-21.51.02:272][  0]LogConfig: Setting CVar [[r.DistanceFieldShadowing:1]]
[2020.01.29-21.51.02:272][  0]LogConfig: Setting CVar [[r.DistanceFieldAO:1]]
[2020.01.29-21.51.02:272][  0]LogConfig: Setting CVar [[r.AOQuality:2]]
[2020.01.29-21.51.02:272][  0]LogConfig: Setting CVar [[r.VolumetricFog:1]]
[2020.01.29-21.51.02:272][  0]LogConfig: Setting CVar [[r.VolumetricFog.GridPixelSize:8]]
[2020.01.29-21.51.02:272][  0]LogConfig: Setting CVar [[r.VolumetricFog.GridSizeZ:128]]
[2020.01.29-21.51.02:272][  0]LogConfig: Setting CVar [[r.VolumetricFog.HistoryMissSupersampleCount:4]]
[2020.01.29-21.51.02:272][  0]LogConfig: Setting CVar [[r.LightMaxDrawDistanceScale:1]]
[2020.01.29-21.51.02:272][  0]LogConfig: Setting CVar [[r.CapsuleShadows:1]]
[2020.01.29-21.51.02:273][  0]LogConfig: Applying CVar settings from Section [PostProcessQuality@3] File [F:/UdemyCourse/UE4C++/TG_2019/TG_2019/Saved/Config/Windows/Scalability.ini]
[2020.01.29-21.51.02:273][  0]LogConfig: Setting CVar [[r.MotionBlurQuality:4]]
[2020.01.29-21.51.02:273][  0]LogConfig: Setting CVar [[r.AmbientOcclusionMipLevelFactor:0.4]]
[2020.01.29-21.51.02:273][  0]LogConfig: Setting CVar [[r.AmbientOcclusionMaxQuality:100]]
[2020.01.29-21.51.02:273][  0]LogConfig: Setting CVar [[r.AmbientOcclusionLevels:-1]]
[2020.01.29-21.51.02:273][  0]LogConfig: Setting CVar [[r.AmbientOcclusionRadiusScale:1.0]]
[2020.01.29-21.51.02:273][  0]LogConfig: Setting CVar [[r.DepthOfFieldQuality:2]]
[2020.01.29-21.51.02:273][  0]LogConfig: Setting CVar [[r.RenderTargetPoolMin:400]]
[2020.01.29-21.51.02:273][  0]LogConfig: Setting CVar [[r.LensFlareQuality:2]]
[2020.01.29-21.51.02:273][  0]LogConfig: Setting CVar [[r.SceneColorFringeQuality:1]]
[2020.01.29-21.51.02:273][  0]LogConfig: Setting CVar [[r.EyeAdaptationQuality:2]]
[2020.01.29-21.51.02:273][  0]LogConfig: Setting CVar [[r.BloomQuality:5]]
[2020.01.29-21.51.02:273][  0]LogConfig: Setting CVar [[r.FastBlurThreshold:100]]
[2020.01.29-21.51.02:273][  0]LogConfig: Setting CVar [[r.Upscale.Quality:3]]
[2020.01.29-21.51.02:273][  0]LogConfig: Setting CVar [[r.Tonemapper.GrainQuantization:1]]
[2020.01.29-21.51.02:273][  0]LogConfig: Setting CVar [[r.LightShaftQuality:1]]
[2020.01.29-21.51.02:273][  0]LogConfig: Setting CVar [[r.Filter.SizeScale:1]]
[2020.01.29-21.51.02:273][  0]LogConfig: Setting CVar [[r.Tonemapper.Quality:5]]
[2020.01.29-21.51.02:273][  0]LogConfig: Setting CVar [[r.DOF.Gather.AccumulatorQuality:1        ; higher gathering accumulator quality]]
[2020.01.29-21.51.02:273][  0]LogConfig: Setting CVar [[r.DOF.Gather.PostfilterMethod:1          ; Median3x3 postfilering method]]
[2020.01.29-21.51.02:273][  0]LogConfig: Setting CVar [[r.DOF.Gather.EnableBokehSettings:0       ; no bokeh simulation when gathering]]
[2020.01.29-21.51.02:273][  0]LogConfig: Setting CVar [[r.DOF.Gather.RingCount:4                 ; medium number of samples when gathering]]
[2020.01.29-21.51.02:273][  0]LogConfig: Setting CVar [[r.DOF.Scatter.ForegroundCompositing:1    ; additive foreground scattering]]
[2020.01.29-21.51.02:273][  0]LogConfig: Setting CVar [[r.DOF.Scatter.BackgroundCompositing:2    ; additive background scattering]]
[2020.01.29-21.51.02:273][  0]LogConfig: Setting CVar [[r.DOF.Scatter.EnableBokehSettings:1      ; bokeh simulation when scattering]]
[2020.01.29-21.51.02:273][  0]LogConfig: Setting CVar [[r.DOF.Scatter.MaxSpriteRatio:0.1         ; only a maximum of 10% of scattered bokeh]]
[2020.01.29-21.51.02:273][  0]LogConfig: Setting CVar [[r.DOF.Recombine.Quality:1                ; cheap slight out of focus]]
[2020.01.29-21.51.02:273][  0]LogConfig: Setting CVar [[r.DOF.Recombine.EnableBokehSettings:0    ; no bokeh simulation on slight out of focus]]
[2020.01.29-21.51.02:273][  0]LogConfig: Setting CVar [[r.DOF.TemporalAAQuality:1                ; more stable temporal accumulation]]
[2020.01.29-21.51.02:273][  0]LogConfig: Setting CVar [[r.DOF.Kernel.MaxForegroundRadius:0.025]]
[2020.01.29-21.51.02:273][  0]LogConfig: Setting CVar [[r.DOF.Kernel.MaxBackgroundRadius:0.025]]
[2020.01.29-21.51.02:273][  0]LogConfig: Applying CVar settings from Section [TextureQuality@3] File [F:/UdemyCourse/UE4C++/TG_2019/TG_2019/Saved/Config/Windows/Scalability.ini]
[2020.01.29-21.51.02:273][  0]LogConfig: Setting CVar [[r.Streaming.MipBias:0]]
[2020.01.29-21.51.02:273][  0]LogConfig: Setting CVar [[r.Streaming.AmortizeCPUToGPUCopy:0]]
[2020.01.29-21.51.02:273][  0]LogConfig: Setting CVar [[r.Streaming.MaxNumTexturesToStreamPerFrame:0]]
[2020.01.29-21.51.02:273][  0]LogConfig: Setting CVar [[r.Streaming.Boost:1]]
[2020.01.29-21.51.02:273][  0]LogConfig: Setting CVar [[r.MaxAnisotropy:8]]
[2020.01.29-21.51.02:273][  0]LogConfig: Setting CVar [[r.Streaming.LimitPoolSizeToVRAM:0]]
[2020.01.29-21.51.02:273][  0]LogConfig: Setting CVar [[r.Streaming.PoolSize:1000]]
[2020.01.29-21.51.02:273][  0]LogConfig: Setting CVar [[r.Streaming.MaxEffectiveScreenSize:0]]
[2020.01.29-21.51.02:273][  0]LogConfig: Applying CVar settings from Section [EffectsQuality@3] File [F:/UdemyCourse/UE4C++/TG_2019/TG_2019/Saved/Config/Windows/Scalability.ini]
[2020.01.29-21.51.02:273][  0]LogConfig: Setting CVar [[r.TranslucencyLightingVolumeDim:64]]
[2020.01.29-21.51.02:273][  0]LogConfig: Setting CVar [[r.RefractionQuality:2]]
[2020.01.29-21.51.02:273][  0]LogConfig: Setting CVar [[r.SSR.Quality:3]]
[2020.01.29-21.51.02:273][  0]LogConfig: Setting CVar [[r.SceneColorFormat:4]]
[2020.01.29-21.51.02:273][  0]LogConfig: Setting CVar [[r.DetailMode:2]]
[2020.01.29-21.51.02:273][  0]LogConfig: Setting CVar [[r.TranslucencyVolumeBlur:1]]
[2020.01.29-21.51.02:273][  0]LogConfig: Setting CVar [[r.MaterialQualityLevel:1 ; High quality]]
[2020.01.29-21.51.02:273][  0]LogConfig: Setting CVar [[r.SSS.Scale:1]]
[2020.01.29-21.51.02:273][  0]LogConfig: Setting CVar [[r.SSS.SampleSet:2]]
[2020.01.29-21.51.02:273][  0]LogConfig: Setting CVar [[r.SSS.Quality:1]]
[2020.01.29-21.51.02:273][  0]LogConfig: Setting CVar [[r.SSS.HalfRes:1]]
[2020.01.29-21.51.02:273][  0]LogConfig: Setting CVar [[r.EmitterSpawnRateScale:1.0]]
[2020.01.29-21.51.02:273][  0]LogConfig: Setting CVar [[r.ParticleLightQuality:2]]
[2020.01.29-21.51.02:273][  0]LogConfig: Applying CVar settings from Section [FoliageQuality@3] File [F:/UdemyCourse/UE4C++/TG_2019/TG_2019/Saved/Config/Windows/Scalability.ini]
[2020.01.29-21.51.02:273][  0]LogConfig: Setting CVar [[foliage.DensityScale:1.0]]
[2020.01.29-21.51.02:273][  0]LogConfig: Setting CVar [[grass.DensityScale:1.0]]
[2020.01.29-21.51.02:273][  0]LogInit: Selected Device Profile: [Windows]
[2020.01.29-21.51.02:273][  0]LogInit: Applying CVar settings loaded from the selected device profile: [Windows]
[2020.01.29-21.51.02:275][  0]LogHAL: Display: Platform has ~ 16 GB [17092812800 / 17179869184 / 16], which maps to Larger [LargestMinGB=32, LargerMinGB=12, DefaultMinGB=8, SmallerMinGB=6, SmallestMinGB=0)
[2020.01.29-21.51.02:275][  0]LogInit: Going up to parent DeviceProfile []
[2020.01.29-21.51.02:275][  0]LogConfig: Applying CVar settings from Section [ViewDistanceQuality@3] File [F:/UdemyCourse/UE4C++/TG_2019/TG_2019/Saved/Config/Windows/Scalability.ini]
[2020.01.29-21.51.02:275][  0]LogConfig: Setting CVar [[r.SkeletalMeshLODBias:0]]
[2020.01.29-21.51.02:275][  0]LogConfig: Setting CVar [[r.ViewDistanceScale:1.0]]
[2020.01.29-21.51.02:275][  0]LogConfig: Applying CVar settings from Section [AntiAliasingQuality@3] File [F:/UdemyCourse/UE4C++/TG_2019/TG_2019/Saved/Config/Windows/Scalability.ini]
[2020.01.29-21.51.02:275][  0]LogConfig: Setting CVar [[r.PostProcessAAQuality:4]]
[2020.01.29-21.51.02:275][  0]LogConfig: Applying CVar settings from Section [ShadowQuality@3] File [F:/UdemyCourse/UE4C++/TG_2019/TG_2019/Saved/Config/Windows/Scalability.ini]
[2020.01.29-21.51.02:275][  0]LogConfig: Setting CVar [[r.LightFunctionQuality:1]]
[2020.01.29-21.51.02:275][  0]LogConfig: Setting CVar [[r.ShadowQuality:5]]
[2020.01.29-21.51.02:275][  0]LogConfig: Setting CVar [[r.Shadow.CSM.MaxCascades:10]]
[2020.01.29-21.51.02:275][  0]LogConfig: Setting CVar [[r.Shadow.MaxResolution:2048]]
[2020.01.29-21.51.02:275][  0]LogConfig: Setting CVar [[r.Shadow.MaxCSMResolution:2048]]
[2020.01.29-21.51.02:275][  0]LogConfig: Setting CVar [[r.Shadow.RadiusThreshold:0.01]]
[2020.01.29-21.51.02:275][  0]LogConfig: Setting CVar [[r.Shadow.DistanceScale:1.0]]
[2020.01.29-21.51.02:275][  0]LogConfig: Setting CVar [[r.Shadow.CSM.TransitionScale:1.0]]
[2020.01.29-21.51.02:275][  0]LogConfig: Setting CVar [[r.Shadow.PreShadowResolutionFactor:1.0]]
[2020.01.29-21.51.02:275][  0]LogConfig: Setting CVar [[r.DistanceFieldShadowing:1]]
[2020.01.29-21.51.02:275][  0]LogConfig: Setting CVar [[r.DistanceFieldAO:1]]
[2020.01.29-21.51.02:275][  0]LogConfig: Setting CVar [[r.AOQuality:2]]
[2020.01.29-21.51.02:275][  0]LogConfig: Setting CVar [[r.VolumetricFog:1]]
[2020.01.29-21.51.02:275][  0]LogConfig: Setting CVar [[r.VolumetricFog.GridPixelSize:8]]
[2020.01.29-21.51.02:275][  0]LogConfig: Setting CVar [[r.VolumetricFog.GridSizeZ:128]]
[2020.01.29-21.51.02:275][  0]LogConfig: Setting CVar [[r.VolumetricFog.HistoryMissSupersampleCount:4]]
[2020.01.29-21.51.02:275][  0]LogConfig: Setting CVar [[r.LightMaxDrawDistanceScale:1]]
[2020.01.29-21.51.02:275][  0]LogConfig: Setting CVar [[r.CapsuleShadows:1]]
[2020.01.29-21.51.02:276][  0]LogConfig: Applying CVar settings from Section [PostProcessQuality@3] File [F:/UdemyCourse/UE4C++/TG_2019/TG_2019/Saved/Config/Windows/Scalability.ini]
[2020.01.29-21.51.02:276][  0]LogConfig: Setting CVar [[r.MotionBlurQuality:4]]
[2020.01.29-21.51.02:276][  0]LogConfig: Setting CVar [[r.AmbientOcclusionMipLevelFactor:0.4]]
[2020.01.29-21.51.02:276][  0]LogConfig: Setting CVar [[r.AmbientOcclusionMaxQuality:100]]
[2020.01.29-21.51.02:276][  0]LogConfig: Setting CVar [[r.AmbientOcclusionLevels:-1]]
[2020.01.29-21.51.02:276][  0]LogConfig: Setting CVar [[r.AmbientOcclusionRadiusScale:1.0]]
[2020.01.29-21.51.02:276][  0]LogConfig: Setting CVar [[r.DepthOfFieldQuality:2]]
[2020.01.29-21.51.02:276][  0]LogConfig: Setting CVar [[r.RenderTargetPoolMin:400]]
[2020.01.29-21.51.02:276][  0]LogConfig: Setting CVar [[r.LensFlareQuality:2]]
[2020.01.29-21.51.02:276][  0]LogConfig: Setting CVar [[r.SceneColorFringeQuality:1]]
[2020.01.29-21.51.02:276][  0]LogConfig: Setting CVar [[r.EyeAdaptationQuality:2]]
[2020.01.29-21.51.02:276][  0]LogConfig: Setting CVar [[r.BloomQuality:5]]
[2020.01.29-21.51.02:276][  0]LogConfig: Setting CVar [[r.FastBlurThreshold:100]]
[2020.01.29-21.51.02:276][  0]LogConfig: Setting CVar [[r.Upscale.Quality:3]]
[2020.01.29-21.51.02:276][  0]LogConfig: Setting CVar [[r.Tonemapper.GrainQuantization:1]]
[2020.01.29-21.51.02:276][  0]LogConfig: Setting CVar [[r.LightShaftQuality:1]]
[2020.01.29-21.51.02:276][  0]LogConfig: Setting CVar [[r.Filter.SizeScale:1]]
[2020.01.29-21.51.02:276][  0]LogConfig: Setting CVar [[r.Tonemapper.Quality:5]]
[2020.01.29-21.51.02:276][  0]LogConfig: Setting CVar [[r.DOF.Gather.AccumulatorQuality:1        ; higher gathering accumulator quality]]
[2020.01.29-21.51.02:276][  0]LogConfig: Setting CVar [[r.DOF.Gather.PostfilterMethod:1          ; Median3x3 postfilering method]]
[2020.01.29-21.51.02:276][  0]LogConfig: Setting CVar [[r.DOF.Gather.EnableBokehSettings:0       ; no bokeh simulation when gathering]]
[2020.01.29-21.51.02:276][  0]LogConfig: Setting CVar [[r.DOF.Gather.RingCount:4                 ; medium number of samples when gathering]]
[2020.01.29-21.51.02:276][  0]LogConfig: Setting CVar [[r.DOF.Scatter.ForegroundCompositing:1    ; additive foreground scattering]]
[2020.01.29-21.51.02:276][  0]LogConfig: Setting CVar [[r.DOF.Scatter.BackgroundCompositing:2    ; additive background scattering]]
[2020.01.29-21.51.02:276][  0]LogConfig: Setting CVar [[r.DOF.Scatter.EnableBokehSettings:1      ; bokeh simulation when scattering]]
[2020.01.29-21.51.02:276][  0]LogConfig: Setting CVar [[r.DOF.Scatter.MaxSpriteRatio:0.1         ; only a maximum of 10% of scattered bokeh]]
[2020.01.29-21.51.02:276][  0]LogConfig: Setting CVar [[r.DOF.Recombine.Quality:1                ; cheap slight out of focus]]
[2020.01.29-21.51.02:276][  0]LogConfig: Setting CVar [[r.DOF.Recombine.EnableBokehSettings:0    ; no bokeh simulation on slight out of focus]]
[2020.01.29-21.51.02:276][  0]LogConfig: Setting CVar [[r.DOF.TemporalAAQuality:1                ; more stable temporal accumulation]]
[2020.01.29-21.51.02:276][  0]LogConfig: Setting CVar [[r.DOF.Kernel.MaxForegroundRadius:0.025]]
[2020.01.29-21.51.02:276][  0]LogConfig: Setting CVar [[r.DOF.Kernel.MaxBackgroundRadius:0.025]]
[2020.01.29-21.51.02:276][  0]LogConfig: Applying CVar settings from Section [TextureQuality@3] File [F:/UdemyCourse/UE4C++/TG_2019/TG_2019/Saved/Config/Windows/Scalability.ini]
[2020.01.29-21.51.02:276][  0]LogConfig: Setting CVar [[r.Streaming.MipBias:0]]
[2020.01.29-21.51.02:276][  0]LogConfig: Setting CVar [[r.Streaming.AmortizeCPUToGPUCopy:0]]
[2020.01.29-21.51.02:276][  0]LogConfig: Setting CVar [[r.Streaming.MaxNumTexturesToStreamPerFrame:0]]
[2020.01.29-21.51.02:276][  0]LogConfig: Setting CVar [[r.Streaming.Boost:1]]
[2020.01.29-21.51.02:276][  0]LogConfig: Setting CVar [[r.MaxAnisotropy:8]]
[2020.01.29-21.51.02:276][  0]LogConfig: Setting CVar [[r.Streaming.LimitPoolSizeToVRAM:0]]
[2020.01.29-21.51.02:276][  0]LogConfig: Setting CVar [[r.Streaming.PoolSize:1000]]
[2020.01.29-21.51.02:276][  0]LogConfig: Setting CVar [[r.Streaming.MaxEffectiveScreenSize:0]]
[2020.01.29-21.51.02:276][  0]LogConfig: Applying CVar settings from Section [EffectsQuality@3] File [F:/UdemyCourse/UE4C++/TG_2019/TG_2019/Saved/Config/Windows/Scalability.ini]
[2020.01.29-21.51.02:276][  0]LogConfig: Setting CVar [[r.TranslucencyLightingVolumeDim:64]]
[2020.01.29-21.51.02:276][  0]LogConfig: Setting CVar [[r.RefractionQuality:2]]
[2020.01.29-21.51.02:276][  0]LogConfig: Setting CVar [[r.SSR.Quality:3]]
[2020.01.29-21.51.02:276][  0]LogConfig: Setting CVar [[r.SceneColorFormat:4]]
[2020.01.29-21.51.02:276][  0]LogConfig: Setting CVar [[r.DetailMode:2]]
[2020.01.29-21.51.02:276][  0]LogConfig: Setting CVar [[r.TranslucencyVolumeBlur:1]]
[2020.01.29-21.51.02:276][  0]LogConfig: Setting CVar [[r.MaterialQualityLevel:1 ; High quality]]
[2020.01.29-21.51.02:276][  0]LogConfig: Setting CVar [[r.SSS.Scale:1]]
[2020.01.29-21.51.02:276][  0]LogConfig: Setting CVar [[r.SSS.SampleSet:2]]
[2020.01.29-21.51.02:276][  0]LogConfig: Setting CVar [[r.SSS.Quality:1]]
[2020.01.29-21.51.02:276][  0]LogConfig: Setting CVar [[r.SSS.HalfRes:1]]
[2020.01.29-21.51.02:276][  0]LogConfig: Setting CVar [[r.EmitterSpawnRateScale:1.0]]
[2020.01.29-21.51.02:276][  0]LogConfig: Setting CVar [[r.ParticleLightQuality:2]]
[2020.01.29-21.51.02:276][  0]LogConfig: Applying CVar settings from Section [FoliageQuality@3] File [F:/UdemyCourse/UE4C++/TG_2019/TG_2019/Saved/Config/Windows/Scalability.ini]
[2020.01.29-21.51.02:276][  0]LogConfig: Setting CVar [[foliage.DensityScale:1.0]]
[2020.01.29-21.51.02:276][  0]LogConfig: Setting CVar [[grass.DensityScale:1.0]]
[2020.01.29-21.51.02:276][  0]LogConfig: Applying CVar settings from Section [Startup] File [../../../Engine/Config/ConsoleVariables.ini]
[2020.01.29-21.51.02:276][  0]LogConfig: Setting CVar [[net.UseAdaptiveNetUpdateFrequency:0]]
[2020.01.29-21.51.02:276][  0]LogConfig: Setting CVar [[p.chaos.AllowCreatePhysxBodies:1]]
[2020.01.29-21.51.02:276][  0]LogConfig: Applying CVar settings from Section [ConsoleVariables] File [F:/UdemyCourse/UE4C++/TG_2019/TG_2019/Saved/Config/Windows/Engine.ini]
[2020.01.29-21.51.02:276][  0]LogInit: Computer: DESKTOP-S8JIBQE
[2020.01.29-21.51.02:276][  0]LogInit: User: MinhBo
[2020.01.29-21.51.02:276][  0]LogInit: CPU Page size=4096, Cores=6
[2020.01.29-21.51.02:276][  0]LogInit: High frequency timer resolution =10.000000 MHz
[2020.01.29-21.51.02:276][  0]LogMemory: Memory total: Physical=15.9GB (16GB approx)
[2020.01.29-21.51.02:277][  0]LogMemory: Platform Memory Stats for Windows
[2020.01.29-21.51.02:277][  0]LogMemory: Process Physical Memory: 100.99 MB used, 100.99 MB peak
[2020.01.29-21.51.02:277][  0]LogMemory: Process Virtual Memory: 101.33 MB used, 101.33 MB peak
[2020.01.29-21.51.02:277][  0]LogMemory: Physical Memory: 5354.57 MB used,  10946.41 MB free, 16300.98 MB total
[2020.01.29-21.51.02:277][  0]LogMemory: Virtual Memory: 4686.55 MB used,  134213040.00 MB free, 134217728.00 MB total
[2020.01.29-21.51.02:278][  0]LogWindows: WindowsPlatformFeatures enabled
[2020.01.29-21.51.02:294][  0]LogInit: Using OS detected language (en-US).
[2020.01.29-21.51.02:294][  0]LogInit: Using OS detected locale (en-US).
[2020.01.29-21.51.02:295][  0]LogTextLocalizationManager: No specific localization for 'en-US' exists, so the 'en' localization will be used.
[2020.01.29-21.51.02:426][  0]LogInit: Setting process to per monitor DPI aware
[2020.01.29-21.51.02:460][  0]LogSlate: New Slate User Created.  User Index 0, Is Virtual User: 0
[2020.01.29-21.51.02:460][  0]LogSlate: Slate User Registered.  User Index 0, Is Virtual User: 0
[2020.01.29-21.51.02:581][  0]LogHMD: Failed to initialize OpenVR with code 110
[2020.01.29-21.51.02:581][  0]LogD3D11RHI: D3D11 adapters:
[2020.01.29-21.51.02:634][  0]LogD3D11RHI:    0. 'NVIDIA GeForce GTX 970' (Feature Level 11_0)
[2020.01.29-21.51.02:634][  0]LogD3D11RHI:       4043/0/8150 MB DedicatedVideo/DedicatedSystem/SharedSystem, Outputs:2, VendorId:0x10de
[2020.01.29-21.51.02:636][  0]LogD3D11RHI:    1. 'Microsoft Basic Render Driver' (Feature Level 11_0)
[2020.01.29-21.51.02:636][  0]LogD3D11RHI:       0/0/8150 MB DedicatedVideo/DedicatedSystem/SharedSystem, Outputs:0, VendorId:0x1414
[2020.01.29-21.51.02:636][  0]LogD3D11RHI: Chosen D3D11 Adapter: 0
[2020.01.29-21.51.02:641][  0]LogD3D11RHI: Creating new Direct3DDevice
[2020.01.29-21.51.02:641][  0]LogD3D11RHI:     GPU DeviceId: 0x13c2 (for the marketing name, search the web for "GPU Device Id")
[2020.01.29-21.51.02:641][  0]LogWindows: EnumDisplayDevices:
[2020.01.29-21.51.02:641][  0]LogWindows:    0. 'NVIDIA GeForce GTX 970' (P:1 D:1)
[2020.01.29-21.51.02:641][  0]LogWindows:    1. 'NVIDIA GeForce GTX 970' (P:0 D:1)
[2020.01.29-21.51.02:642][  0]LogWindows:    2. 'NVIDIA GeForce GTX 970' (P:0 D:0)
[2020.01.29-21.51.02:642][  0]LogWindows:    3. 'NVIDIA GeForce GTX 970' (P:0 D:0)
[2020.01.29-21.51.02:642][  0]LogWindows: DebugString: FoundDriverCount:4 
[2020.01.29-21.51.02:642][  0]LogD3D11RHI:     Adapter Name: NVIDIA GeForce GTX 970
[2020.01.29-21.51.02:642][  0]LogD3D11RHI:   Driver Version: 432.00 (internal:26.21.14.3200, unified:432.00)
[2020.01.29-21.51.02:642][  0]LogD3D11RHI:      Driver Date: 7-24-2019
[2020.01.29-21.51.02:642][  0]LogRHI: Texture pool is 2830 MB (70% of 4043 MB)
[2020.01.29-21.51.02:678][  0]LogD3D11RHI: Async texture creation enabled
[2020.01.29-21.51.02:688][  0]LogD3D11RHI: GPU Timing Frequency: 1000.000000 (Debug: 2 1)
[2020.01.29-21.51.03:016][  0]LogTemp: Display: Module 'AllDesktopTargetPlatform' loaded TargetPlatform 'AllDesktop'
[2020.01.29-21.51.03:023][  0]LogTemp: Display: Module 'MacClientTargetPlatform' loaded TargetPlatform 'MacClient'
[2020.01.29-21.51.03:030][  0]LogTemp: Display: Module 'MacNoEditorTargetPlatform' loaded TargetPlatform 'MacNoEditor'
[2020.01.29-21.51.03:037][  0]LogTemp: Display: Module 'MacServerTargetPlatform' loaded TargetPlatform 'MacServer'
[2020.01.29-21.51.03:044][  0]LogTemp: Display: Module 'MacTargetPlatform' loaded TargetPlatform 'Mac'
[2020.01.29-21.51.03:051][  0]LogTemp: Display: Module 'WindowsClientTargetPlatform' loaded TargetPlatform 'WindowsClient'
[2020.01.29-21.51.03:058][  0]LogTemp: Display: Module 'WindowsNoEditorTargetPlatform' loaded TargetPlatform 'WindowsNoEditor'
[2020.01.29-21.51.03:065][  0]LogTemp: Display: Module 'WindowsServerTargetPlatform' loaded TargetPlatform 'WindowsServer'
[2020.01.29-21.51.03:068][  0]LogTemp: Display: Module 'WindowsTargetPlatform' loaded TargetPlatform 'Windows'
[2020.01.29-21.51.03:093][  0]LogTemp: Display: Module 'AndroidTargetPlatform' loaded TargetPlatform 'Android'
[2020.01.29-21.51.03:093][  0]LogTemp: Display: Module 'AndroidTargetPlatform' loaded TargetPlatform 'Android_ASTC'
[2020.01.29-21.51.03:093][  0]LogTemp: Display: Module 'AndroidTargetPlatform' loaded TargetPlatform 'Android_ATC'
[2020.01.29-21.51.03:093][  0]LogTemp: Display: Module 'AndroidTargetPlatform' loaded TargetPlatform 'Android_DXT'
[2020.01.29-21.51.03:093][  0]LogTemp: Display: Module 'AndroidTargetPlatform' loaded TargetPlatform 'Android_ETC1'
[2020.01.29-21.51.03:093][  0]LogTemp: Display: Module 'AndroidTargetPlatform' loaded TargetPlatform 'Android_ETC1a'
[2020.01.29-21.51.03:093][  0]LogTemp: Display: Module 'AndroidTargetPlatform' loaded TargetPlatform 'Android_ETC2'
[2020.01.29-21.51.03:093][  0]LogTemp: Display: Module 'AndroidTargetPlatform' loaded TargetPlatform 'Android_PVRTC'
[2020.01.29-21.51.03:093][  0]LogTemp: Display: Module 'AndroidTargetPlatform' loaded TargetPlatform 'AndroidClient'
[2020.01.29-21.51.03:093][  0]LogTemp: Display: Module 'AndroidTargetPlatform' loaded TargetPlatform 'Android_ASTCClient'
[2020.01.29-21.51.03:093][  0]LogTemp: Display: Module 'AndroidTargetPlatform' loaded TargetPlatform 'Android_ATCClient'
[2020.01.29-21.51.03:093][  0]LogTemp: Display: Module 'AndroidTargetPlatform' loaded TargetPlatform 'Android_DXTClient'
[2020.01.29-21.51.03:093][  0]LogTemp: Display: Module 'AndroidTargetPlatform' loaded TargetPlatform 'Android_ETC1Client'
[2020.01.29-21.51.03:093][  0]LogTemp: Display: Module 'AndroidTargetPlatform' loaded TargetPlatform 'Android_ETC1aClient'
[2020.01.29-21.51.03:093][  0]LogTemp: Display: Module 'AndroidTargetPlatform' loaded TargetPlatform 'Android_ETC2Client'
[2020.01.29-21.51.03:093][  0]LogTemp: Display: Module 'AndroidTargetPlatform' loaded TargetPlatform 'Android_PVRTCClient'
[2020.01.29-21.51.03:093][  0]LogTemp: Display: Module 'AndroidTargetPlatform' loaded TargetPlatform 'Android_Multi'
[2020.01.29-21.51.03:093][  0]LogTemp: Display: Module 'AndroidTargetPlatform' loaded TargetPlatform 'Android_MultiClient'
[2020.01.29-21.51.03:095][  0]LogTemp: Display: Module 'HTML5TargetPlatform' loaded TargetPlatform 'HTML5'
[2020.01.29-21.51.03:108][  0]LogTemp: Display: Module 'IOSTargetPlatform' loaded TargetPlatform 'IOSClient'
[2020.01.29-21.51.03:108][  0]LogTemp: Display: Module 'IOSTargetPlatform' loaded TargetPlatform 'IOS'
[2020.01.29-21.51.03:118][  0]LogTemp: Display: Module 'TVOSTargetPlatform' loaded TargetPlatform 'TVOSClient'
[2020.01.29-21.51.03:118][  0]LogTemp: Display: Module 'TVOSTargetPlatform' loaded TargetPlatform 'TVOS'
[2020.01.29-21.51.03:124][  0]LogTemp: Display: Module 'LinuxClientTargetPlatform' loaded TargetPlatform 'LinuxClient'
[2020.01.29-21.51.03:129][  0]LogTemp: Display: Module 'LinuxNoEditorTargetPlatform' loaded TargetPlatform 'LinuxNoEditor'
[2020.01.29-21.51.03:134][  0]LogTemp: Display: Module 'LinuxServerTargetPlatform' loaded TargetPlatform 'LinuxServer'
[2020.01.29-21.51.03:141][  0]LogTemp: Display: Module 'LinuxTargetPlatform' loaded TargetPlatform 'Linux'
[2020.01.29-21.51.03:160][  0]LogTemp: Display: Module 'LuminTargetPlatform' loaded TargetPlatform 'Lumin'
[2020.01.29-21.51.03:160][  0]LogTemp: Display: Module 'LuminTargetPlatform' loaded TargetPlatform 'LuminClient'
[2020.01.29-21.51.03:160][  0]LogTargetPlatformManager: Display: Building Assets For Windows
[2020.01.29-21.51.03:167][  0]LogAudioDebug: Display: Lib vorbis DLL was dynamically loaded.
[2020.01.29-21.51.03:210][  0]LogShaderCompilers: Guid format shader working directory is 11 characters bigger than the processId version (F:/UdemyCourse/UE4C++/TG_2019/TG_2019/Intermediate/Shaders/WorkingDirectory/4764/).
[2020.01.29-21.51.03:210][  0]LogShaderCompilers: Cleaned the shader compiler working directory 'C:/Users/Minh Bo/AppData/Local/Temp/UnrealShaderWorkingDir/7C049CC64C1FEDFD74F47389B3FB59AC/'.
[2020.01.29-21.51.03:212][  0]LogXGEController: Cleaning working directory: C:/Users/Minh Bo/AppData/Local/Temp/UnrealXGEWorkingDir/
[2020.01.29-21.51.03:212][  0]LogXGEController: Cannot use XGE Controller as Incredibuild is not installed on this machine.
[2020.01.29-21.51.03:212][  0]LogShaderCompilers: Cannot use XGE Shader Compiler as Incredibuild is not installed on this machine.
[2020.01.29-21.51.03:212][  0]LogShaderCompilers: Display: Using Local Shader Compiler.
[2020.01.29-21.51.03:696][  0]LogDerivedDataCache: Display: Max Cache Size: 512 MB
[2020.01.29-21.51.03:741][  0]LogDerivedDataCache: Loaded boot cache 0.04s 79MB C:/Users/Minh Bo/AppData/Local/UnrealEngine/4.23/DerivedDataCache/Boot.ddc.
[2020.01.29-21.51.03:741][  0]LogDerivedDataCache: Display: Loaded Boot cache: C:/Users/Minh Bo/AppData/Local/UnrealEngine/4.23/DerivedDataCache/Boot.ddc
[2020.01.29-21.51.03:741][  0]LogDerivedDataCache: FDerivedDataBackendGraph:  Pak pak cache file F:/UdemyCourse/UE4C++/TG_2019/TG_2019/DerivedDataCache/DDC.ddp not found, will not use a pak cache.
[2020.01.29-21.51.03:741][  0]LogDerivedDataCache: Unable to find inner node Pak for hierarchical cache Hierarchy.
[2020.01.29-21.51.03:741][  0]LogDerivedDataCache: FDerivedDataBackendGraph:  CompressedPak pak cache file F:/UdemyCourse/UE4C++/TG_2019/TG_2019/DerivedDataCache/Compressed.ddp not found, will not use a pak cache.
[2020.01.29-21.51.03:741][  0]LogDerivedDataCache: Unable to find inner node CompressedPak for hierarchical cache Hierarchy.
[2020.01.29-21.51.03:750][  0]LogDerivedDataCache: Display: Pak cache opened for reading ../../../Engine/DerivedDataCache/Compressed.ddp.
[2020.01.29-21.51.03:750][  0]LogDerivedDataCache: FDerivedDataBackendGraph:  EnterprisePak pak cache file ../../../Enterprise/DerivedDataCache/Compressed.ddp not found, will not use a pak cache.
[2020.01.29-21.51.03:750][  0]LogDerivedDataCache: Unable to find inner node EnterprisePak for hierarchical cache Hierarchy.
[2020.01.29-21.51.03:751][  0]LogDerivedDataCache: Using Local data cache path C:/Users/Minh Bo/AppData/Local/UnrealEngine/Common/DerivedDataCache: Writable
[2020.01.29-21.51.03:751][  0]LogDerivedDataCache: Shared data cache path not found in *engine.ini, will not use an Shared cache.
[2020.01.29-21.51.03:751][  0]LogDerivedDataCache: Unable to find inner node Shared for hierarchical cache Hierarchy.
[2020.01.29-21.51.03:767][  0]LogMaterial: Verifying Global Shaders for PCD3D_SM5
[2020.01.29-21.51.03:769][  0]LogSlate: Using FreeType 2.6.0
[2020.01.29-21.51.03:769][  0]LogSlate: SlateFontServices - WITH_FREETYPE: 1, WITH_HARFBUZZ: 1
[2020.01.29-21.51.03:811][  0]LogAssetRegistry: FAssetRegistry took 0.0017 seconds to start up
[2020.01.29-21.51.04:005][  0]LogInit: Selected Device Profile: [Windows]
[2020.01.29-21.51.04:119][  0]LogMeshReduction: Using QuadricMeshReduction for automatic static mesh reduction
[2020.01.29-21.51.04:119][  0]LogMeshReduction: Using SimplygonMeshReduction for automatic skeletal mesh reduction
[2020.01.29-21.51.04:119][  0]LogMeshReduction: Using ProxyLODMeshReduction for automatic mesh merging
[2020.01.29-21.51.04:119][  0]LogMeshReduction: No distributed automatic mesh merging module available
[2020.01.29-21.51.04:119][  0]LogMeshMerging: No distributed automatic mesh merging module available
[2020.01.29-21.51.04:128][  0]LogNetVersion: TG_2019 1.0.0, NetCL: 8386587, EngineNetVer: 11, GameNetVer: 0 (Checksum: 2638331385)
[2020.01.29-21.51.04:446][  0]LogPackageLocalizationCache: Processed 12 localized package path(s) for 1 prioritized culture(s) in 0.037152 seconds
[2020.01.29-21.51.04:451][  0]LogUObjectArray: 43444 objects as part of root set at end of initial load.
[2020.01.29-21.51.04:451][  0]LogUObjectAllocator: 7548648 out of 0 bytes used by permanent object pool.
[2020.01.29-21.51.04:451][  0]LogUObjectArray: CloseDisregardForGC: 0/0 objects in disregard for GC pool
[2020.01.29-21.51.05:087][  0]LogTcpMessaging: Initializing TcpMessaging bridge
[2020.01.29-21.51.05:089][  0]LogUdpMessaging: Initializing bridge on interface 0.0.0.0:0 to multicast group 230.0.0.1:6666.
[2020.01.29-21.51.05:234][  0]SourceControl: Source control is disabled
[2020.01.29-21.51.05:234][  0]SourceControl: Source control is disabled
[2020.01.29-21.51.05:235][  0]SourceControl: Source control is disabled
[2020.01.29-21.51.05:236][  0]SourceControl: Source control is disabled
[2020.01.29-21.51.05:299][  0]LogAndroidPermission: UAndroidPermissionCallbackProxy::GetInstance
[2020.01.29-21.51.05:402][  0]LogOcInput: OculusInput pre-init called
[2020.01.29-21.51.05:408][  0]LogWindows: Failed to load 'OVRPlugin.dll' (GetLastError=126)
[2020.01.29-21.51.05:408][  0]LogWindows: File 'OVRPlugin.dll' does not exist
[2020.01.29-21.51.05:460][  0]LogEngine: Initializing Engine...
[2020.01.29-21.51.05:460][  0]LogHMD: Failed to initialize OpenVR with code 110
[2020.01.29-21.51.05:461][  0]LogStats: UGameplayTagsManager::InitializeManager -  0.000 s
[2020.01.29-21.51.05:635][  0]LogInit: Initializing FReadOnlyCVARCache
[2020.01.29-21.51.05:648][  0]LogAIModule: Creating AISystem for world Untitled
[2020.01.29-21.51.05:674][  0]LogInit: XAudio2 using 'Speakers (Vengeance 2100)' : 2 channels at 44.1 kHz using 16 bits per sample (channel mask 0x3)
[2020.01.29-21.51.05:689][  0]LogInit: FAudioDevice initialized.
[2020.01.29-21.51.05:690][  0]LogNetVersion: Set ProjectVersion to 1.0.0.0. Version Checksum will be recalculated on next use.
[2020.01.29-21.51.05:760][  0]LogDerivedDataCache: Saved boot cache 0.07s 76MB C:/Users/Minh Bo/AppData/Local/UnrealEngine/4.23/DerivedDataCache/Boot.ddc.
[2020.01.29-21.51.05:765][  0]LogInit: Texture streaming: Enabled
[2020.01.29-21.51.05:781][  0]LogEngineSessionManager: EngineSessionManager initialized
[2020.01.29-21.51.05:781][  0]LogEngineSessionManager: EngineSessionManager sent abnormal shutdown report. Type=Crashed, SessionId={08F5DCE2-48CA-2AE8-5180-EC870D226CF7}
[2020.01.29-21.51.05:837][  0]LogInit: Transaction tracking system initialized
[2020.01.29-21.51.05:864][  0]BlueprintLog: New page: Editor Load
[2020.01.29-21.51.05:926][  0]LocalizationService: Localization service is disabled
[2020.01.29-21.51.06:107][  0]LogFileCache: Scanning file cache for directory 'F:/UdemyCourse/UE4C++/TG_2019/TG_2019/Content/' took 0.00s
[2020.01.29-21.51.06:107][  0]LogCook: Display: Max memory allowance for cook 16384mb min free memory 0mb
[2020.01.29-21.51.06:107][  0]LogCook: Display: Mobile HDR setting 1
[2020.01.29-21.51.06:256][  0]SourceControl: Source control is disabled
[2020.01.29-21.51.06:256][  0]Cmd: MAP LOAD FILE="F:/UdemyCourse/UE4C++/TG_2019/TG_2019/Content/Levels/FirstPersonExampleMap.umap" TEMPLATE=0 SHOWPROGRESS=1 FEATURELEVEL=3
[2020.01.29-21.51.06:256][  0]LightingResults: New page: Lighting Build
[2020.01.29-21.51.06:258][  0]LogWorld: UWorld::CleanupWorld for Untitled, bSessionEnded=true, bCleanupResources=true
[2020.01.29-21.51.06:259][  0]MapCheck: New page: Map Check
[2020.01.29-21.51.06:259][  0]LightingResults: New page: Lighting Build
[2020.01.29-21.51.06:281][  0]LogUObjectHash: Compacting FUObjectHashTables data took   1.52ms
[2020.01.29-21.51.06:333][  0]LogBlueprint: Warning: [Compiler PatrollingGuard_BP2] InputAction Event references unknown Action 'Crouch' for  InputAction Crouch
[2020.01.29-21.51.06:445][  0]LogAIModule: Creating AISystem for world FirstPersonExampleMap
[2020.01.29-21.51.06:451][  0]LogEditorServer: Finished looking for orphan Actors (0.000 secs)
[2020.01.29-21.51.06:476][  0]LogUObjectHash: Compacting FUObjectHashTables data took   1.67ms
[2020.01.29-21.51.06:477][  0]Cmd: MAP CHECKDEP NOCLEARLOG
[2020.01.29-21.51.06:477][  0]MapCheck: Map check complete: 0 Error(s), 0 Warning(s), took 0.072ms to complete.
[2020.01.29-21.51.06:477][  0]LogFileHelpers: Loading map 'FirstPersonExampleMap' took 0.221
[2020.01.29-21.51.06:580][  0]LogCollectionManager: Loaded 0 collections in 0.001461 seconds
[2020.01.29-21.51.06:584][  0]LogFileCache: Scanning file cache for directory 'F:/UdemyCourse/UE4C++/TG_2019/TG_2019/Saved/Collections/' took 0.00s
[2020.01.29-21.51.06:584][  0]LogFileCache: Scanning file cache for directory 'F:/UdemyCourse/UE4C++/TG_2019/TG_2019/Content/Developers/MinhBo/Collections/' took 0.00s
[2020.01.29-21.51.06:584][  0]LogFileCache: Scanning file cache for directory 'F:/UdemyCourse/UE4C++/TG_2019/TG_2019/Content/Collections/' took 0.00s
[2020.01.29-21.51.06:584][  0]LogCollectionManager: Rebuilt the GUID cache for 0 collections in 0.000001 seconds
[2020.01.29-21.51.06:591][  0]LogContentBrowser: Native class hierarchy populated in 0.0065 seconds. Added 2869 classes and 685 folders.
[2020.01.29-21.51.06:596][  0]LogContentBrowser: Native class hierarchy updated for 'WidgetCarousel' in 0.0002 seconds. Added 0 classes and 0 folders.
[2020.01.29-21.51.06:626][  0]LogContentBrowser: Native class hierarchy updated for 'AddContentDialog' in 0.0003 seconds. Added 0 classes and 0 folders.
[2020.01.29-21.51.06:632][  0]LogContentBrowser: Native class hierarchy updated for 'SceneOutliner' in 0.0003 seconds. Added 1 classes and 2 folders.
[2020.01.29-21.51.06:640][  0]LogSlate: Updating window title bar state: overlay mode, drag disabled, window buttons hidden, title bar hidden
[2020.01.29-21.51.06:646][  0]LogSlate: Updating window title bar state: overlay mode, drag disabled, window buttons hidden, title bar hidden
[2020.01.29-21.51.06:651][  0]LogSlate: Updating window title bar state: overlay mode, drag disabled, window buttons hidden, title bar hidden
[2020.01.29-21.51.06:657][  0]LogSlate: Updating window title bar state: overlay mode, drag disabled, window buttons hidden, title bar hidden
[2020.01.29-21.51.06:668][  0]LogSlate: Took 0.000110 seconds to synchronously load lazily loaded font '../../../Engine/Content/Slate/Fonts/Roboto-Regular.ttf' (155K)
[2020.01.29-21.51.06:671][  0]LogSlate: Took 0.000163 seconds to synchronously load lazily loaded font '../../../Engine/Content/Editor/Slate/Fonts/FontAwesome.ttf' (139K)
[2020.01.29-21.51.06:671][  0]LogSlate: Took 0.000083 seconds to synchronously load lazily loaded font '../../../Engine/Content/Slate/Fonts/Roboto-Bold.ttf' (160K)
[2020.01.29-21.51.06:674][  0]LogSlate: Took 0.000116 seconds to synchronously load lazily loaded font '../../../Engine/Content/Slate/Fonts/DroidSansMono.ttf' (77K)
[2020.01.29-21.51.06:747][  0]LogRenderer: Reallocating scene render targets to support 1172x632 Format 10 NumSamples 1 (Frame:1).
[2020.01.29-21.51.06:820][  0]LogContentBrowser: Native class hierarchy updated for 'HierarchicalLODOutliner' in 0.0004 seconds. Added 0 classes and 0 folders.
[2020.01.29-21.51.06:821][  0]LogLoad: (Engine Initialization) Total time: 5.46 seconds
[2020.01.29-21.51.06:821][  0]LogLoad: (Engine Initialization) Total Blueprint compile time: 0.00 seconds
[2020.01.29-21.51.06:857][  0]LogAssetRegistry: Asset discovery search completed in 3.0476 seconds
[2020.01.29-21.51.06:860][  0]LogCollectionManager: Rebuilt the object cache for 0 collections in 0.000005 seconds (found 0 objects)
[2020.01.29-21.51.06:860][  0]LogCollectionManager: Fixed up redirectors for 0 collections in 0.000167 seconds (updated 0 objects)
[2020.01.29-21.51.06:862][  0]LogContentStreaming: Texture pool size now 1000 MB
[2020.01.29-21.51.12:873][599]LogSlate: FSceneViewport::OnFocusLost() reason 0
[2020.01.29-22.25.43:614][873]LogSlate: Took 0.004668 seconds to synchronously load lazily loaded font '../../../Engine/Content/Slate/Fonts/Roboto-Light.ttf' (167K)
[2020.01.29-22.25.43:673][873]LogSlate: Took 0.004894 seconds to synchronously load lazily loaded font '../../../Engine/Content/Slate/Fonts/Roboto-BoldCondensed.ttf' (158K)
[2020.01.29-22.25.45:055][ 37]LogSlate: Window 'Add C++ Class' being destroyed
[2020.01.29-22.25.55:955][331]LogMetaData: Removing '/Game/Weapon/Behaviors/Projectile_BP.Projectile_BP_C' ref from Metadata '/Game/Weapon/Projectile_BP.PackageMetaData'
[2020.01.29-22.25.55:955][331]LogMetaData: Removing '/Game/Weapon/Behaviors/Projectile_BP.Projectile_BP:UserConstructionScript.K2Node_FunctionEntry_0' ref from Metadata '/Game/Weapon/Projectile_BP.PackageMetaData'
[2020.01.29-22.25.55:956][331]LogMetaData: Removing '/Game/Weapon/Behaviors/Projectile_BP.Projectile_BP:EventGraph.K2Node_Event_0' ref from Metadata '/Game/Weapon/Projectile_BP.PackageMetaData'
[2020.01.29-22.25.55:956][331]LogMetaData: Removing '/Game/Weapon/Behaviors/Projectile_BP.Projectile_BP:EventGraph.K2Node_Event_1' ref from Metadata '/Game/Weapon/Projectile_BP.PackageMetaData'
[2020.01.29-22.25.55:956][331]LogMetaData: Removing '/Game/Weapon/Behaviors/Projectile_BP.Projectile_BP:EventGraph.K2Node_Event_2' ref from Metadata '/Game/Weapon/Projectile_BP.PackageMetaData'
[2020.01.29-22.25.55:956][331]LogMetaData: Removing '/Game/Weapon/Behaviors/Projectile_BP.SKEL_Projectile_BP_C:ReceiveBeginPlay' ref from Metadata '/Game/Weapon/Projectile_BP.PackageMetaData'
[2020.01.29-22.25.55:956][331]LogMetaData: Removing '/Game/Weapon/Behaviors/Projectile_BP.SKEL_Projectile_BP_C:ReceiveActorBeginOverlap' ref from Metadata '/Game/Weapon/Projectile_BP.PackageMetaData'
[2020.01.29-22.25.55:957][331]LogMetaData: Removing '/Game/Weapon/Behaviors/Projectile_BP.SKEL_Projectile_BP_C:ReceiveTick' ref from Metadata '/Game/Weapon/Projectile_BP.PackageMetaData'
[2020.01.29-22.25.55:957][331]LogMetaData: Removing '/Game/Weapon/Behaviors/Projectile_BP.SKEL_Projectile_BP_C:Sphere' ref from Metadata '/Game/Weapon/Projectile_BP.PackageMetaData'
[2020.01.29-22.25.55:957][331]LogMetaData: Removing '/Game/Weapon/Behaviors/Projectile_BP.SKEL_Projectile_BP_C:UserConstructionScript' ref from Metadata '/Game/Weapon/Projectile_BP.PackageMetaData'
[2020.01.29-22.25.55:957][331]LogMetaData: Removing '/Game/Weapon/Behaviors/Projectile_BP.SKEL_Projectile_BP_C' ref from Metadata '/Game/Weapon/Projectile_BP.PackageMetaData'
[2020.01.29-22.25.55:957][331]LogMetaData: Removing '/Game/Weapon/Behaviors/Projectile_BP.Projectile_BP_C:Sphere' ref from Metadata '/Game/Weapon/Projectile_BP.PackageMetaData'
[2020.01.29-22.25.55:983][331]Cmd: OBJ SAVEPACKAGE PACKAGE="/Game/Weapon/Behaviors/Projectile_BP" FILE="F:/UdemyCourse/UE4C++/TG_2019/TG_2019/Content/Weapon/Behaviors/Projectile_BP.uasset" SILENT=true
[2020.01.29-22.25.56:002][331]LogSavePackage: Moving 'F:/UdemyCourse/UE4C++/TG_2019/TG_2019/Saved/Projectile_BPF3141A6F4CA39FE71E67F0824D296131.tmp' to 'F:/UdemyCourse/UE4C++/TG_2019/TG_2019/Content/Weapon/Behaviors/Projectile_BP.uasset'
[2020.01.29-22.25.56:087][331]LogUObjectHash: Compacting FUObjectHashTables data took   1.18ms
[2020.01.29-22.25.56:115][331]LogUObjectHash: Compacting FUObjectHashTables data took   1.34ms
[2020.01.29-22.25.56:136][331]LogUObjectHash: Compacting FUObjectHashTables data took   0.52ms
[2020.01.29-22.25.56:165][331]Cmd: OBJ SAVEPACKAGE PACKAGE="/Game/Player/Behavior/FirstPersonCharacter" FILE="F:/UdemyCourse/UE4C++/TG_2019/TG_2019/Content/Player/Behavior/FirstPersonCharacter.uasset" SILENT=true
[2020.01.29-22.25.56:187][331]LogSavePackage: Moving 'F:/UdemyCourse/UE4C++/TG_2019/TG_2019/Saved/FirstPersonCharacterEFB83F3A427E92A74AF45BBAC482FBD5.tmp' to 'F:/UdemyCourse/UE4C++/TG_2019/TG_2019/Content/Player/Behavior/FirstPersonCharacter.uasset'
[2020.01.29-22.28.42:127][667]LogAssetEditorManager: Opening Asset editor for Blueprint /Game/Player/Behavior/FirstPersonCharacter.FirstPersonCharacter
[2020.01.29-22.28.42:407][667]LogContentBrowser: Native class hierarchy updated for 'BlueprintGraph' in 0.0005 seconds. Added 121 classes and 0 folders.
[2020.01.29-22.28.43:249][668]LogSlate: Took 0.000121 seconds to synchronously load lazily loaded font '../../../Engine/Content/Slate/Fonts/Roboto-Italic.ttf' (157K)
[2020.01.29-22.28.55:636][394]BlueprintLog: New page: Compile FirstPersonCharacter
[2020.01.29-22.28.55:860][394]LogUObjectHash: Compacting FUObjectHashTables data took   4.16ms
[2020.01.29-22.28.57:607][599]LogRenderer: Reallocating scene render targets to support 1172x708 Format 10 NumSamples 1 (Frame:1).
[2020.01.29-22.29.29:591][412]LogUObjectHash: Compacting FUObjectHashTables data took   2.27ms
[2020.01.29-22.29.29:775][412]LogSavePackage: Moving 'F:/UdemyCourse/UE4C++/TG_2019/TG_2019/Saved/FirstPersonExampleMap_Auto12187918C4DDF4AA1F6B51F844DE2C4C6.tmp' to 'F:/UdemyCourse/UE4C++/TG_2019/TG_2019/Saved/Autosaves/Game/Levels/FirstPersonExampleMap_Auto1.umap'
[2020.01.29-22.29.29:780][412]LogFileHelpers: Editor autosave (incl. sublevels) for '/Game/Levels/FirstPersonExampleMap' took 0.215
[2020.01.29-22.29.29:780][412]LogFileHelpers: Editor autosave (incl. sublevels) for all levels took 0.215
[2020.01.29-22.29.59:640][514]LogAssetEditorManager: Opening Asset editor for SkeletalMesh /Game/Player/FirstPerson/Character/Mesh/SK_Mannequin_Arms.SK_Mannequin_Arms
[2020.01.29-22.29.59:654][514]LogContentBrowser: Native class hierarchy updated for 'SkeletonEditor' in 0.0003 seconds. Added 1 classes and 2 folders.
[2020.01.29-22.29.59:865][514]LogActorComponent: RegisterComponentWithWorld: (/Engine/Transient.World_9:PersistentLevel.AnimationEditorPreviewActor_0.DebugSkelMeshComponent_0) Already registered. Aborting.
[2020.01.29-22.29.59:876][514]LogContentBrowser: Native class hierarchy updated for 'PinnedCommandList' in 0.0002 seconds. Added 1 classes and 0 folders.
[2020.01.29-22.29.59:927][514]LogSkeletalMesh: USkeletalMeshComponent::InitArticulated : Bodies already created (/Engine/Transient.World_9:PersistentLevel.AnimationEditorPreviewActor_0.DebugSkelMeshComponent_0) - call TermArticulated first.
[2020.01.29-22.30.00:359][515]LogRenderer: Reallocating scene render targets to support 1172x884 Format 10 NumSamples 1 (Frame:1).
[2020.01.29-23.03.34:656][576]LogAssetEditorManager: Opening Asset editor for Blueprint /Game/NPC/Behaviors/PatrollingGuard_BP2.PatrollingGuard_BP2
[2020.01.29-23.03.50:096][316]LogAssetEditorManager: Opening Asset editor for SkeletalMesh /Game/NPC/UE4_Mannequin/Mesh/SK_Mannequin.SK_Mannequin
[2020.01.29-23.03.50:102][316]LogActorComponent: RegisterComponentWithWorld: (/Engine/Transient.World_13:PersistentLevel.AnimationEditorPreviewActor_0.DebugSkelMeshComponent_0) Already registered. Aborting.
[2020.01.29-23.03.50:116][316]LogSkeletalMesh: USkeletalMeshComponent::InitArticulated : Bodies already created (/Engine/Transient.World_13:PersistentLevel.AnimationEditorPreviewActor_0.DebugSkelMeshComponent_0) - call TermArticulated first.
[2020.01.29-23.03.59:902][393]LogSlate: FSceneViewport::OnFocusLost() reason 0
[2020.01.29-23.04.25:699][422]LogSlate: FSceneViewport::OnFocusLost() reason 0
[2020.01.29-23.04.51:828][535]LogSlate: Took 0.000119 seconds to synchronously load lazily loaded font '../../../Engine/Content/Slate/Fonts/Roboto-Light.ttf' (167K)
[2020.01.29-23.05.57:368][155]BlueprintLog: New page: Compile PatrollingGuard_BP2
[2020.01.29-23.05.57:376][155]LogBlueprint: Warning: [Compiler PatrollingGuard_BP2] InputAction Event references unknown Action 'Crouch' for  InputAction Crouch
[2020.01.29-23.05.57:618][155]LogUObjectHash: Compacting FUObjectHashTables data took   4.04ms
[2020.01.29-23.06.06:438][183]Cmd: TRANSACTION UNDO
[2020.01.29-23.06.06:438][183]LogEditorTransaction: Undo Add Socket to Skeleton
[2020.01.29-23.06.06:543][183]LogActorComponent: RegisterComponentWithWorld: (/Engine/Transient.World_9:PersistentLevel.AnimationEditorPreviewActor_0.DebugSkelMeshComponent_0) Already registered. Aborting.
[2020.01.29-23.06.06:546][183]LogActorComponent: RegisterComponentWithWorld: (/Engine/Transient.World_13:PersistentLevel.AnimationEditorPreviewActor_0.DebugSkelMeshComponent_0) Already registered. Aborting.
[2020.01.29-23.06.52:258][404]LogWorld: UWorld::CleanupWorld for World_13, bSessionEnded=true, bCleanupResources=true
[2020.01.29-23.07.52:340][515]LogAssetEditorManager: Opening Asset editor for Skeleton /Game/Player/FirstPerson/Character/Mesh/SK_Mannequin_Arms_Skeleton.SK_Mannequin_Arms_Skeleton
[2020.01.29-23.07.52:344][515]LogActorComponent: RegisterComponentWithWorld: (/Engine/Transient.World_15:PersistentLevel.AnimationEditorPreviewActor_0.DebugSkelMeshComponent_0) Already registered. Aborting.
[2020.01.29-23.07.52:367][515]LogSkeletalMesh: USkeletalMeshComponent::InitArticulated : Bodies already created (/Engine/Transient.World_15:PersistentLevel.AnimationEditorPreviewActor_0.DebugSkelMeshComponent_0) - call TermArticulated first.
[2020.01.29-23.08.33:123][338]LogWorld: UWorld::CleanupWorld for World_15, bSessionEnded=true, bCleanupResources=true
[2020.01.29-23.09.05:000][ 89]LogSlate: FSceneViewport::OnFocusLost() reason 0
[2020.01.29-23.09.13:308][ 42]LogAssetEditorManager: Opening Asset editor for SkeletalMesh /Game/NPC/UE4_Mannequin/Mesh/SK_Mannequin.SK_Mannequin
[2020.01.29-23.09.13:314][ 42]LogActorComponent: RegisterComponentWithWorld: (/Engine/Transient.World_16:PersistentLevel.AnimationEditorPreviewActor_0.DebugSkelMeshComponent_0) Already registered. Aborting.
[2020.01.29-23.09.13:332][ 42]LogSkeletalMesh: USkeletalMeshComponent::InitArticulated : Bodies already created (/Engine/Transient.World_16:PersistentLevel.AnimationEditorPreviewActor_0.DebugSkelMeshComponent_0) - call TermArticulated first.
[2020.01.29-23.10.37:376][930]LogWorld: UWorld::CleanupWorld for World_16, bSessionEnded=true, bCleanupResources=true
[2020.01.29-23.10.49:040][295]BlueprintLog: New page: Compile PatrollingGuard_BP2
[2020.01.29-23.10.49:046][295]LogBlueprint: Warning: [Compiler PatrollingGuard_BP2] InputAction Event references unknown Action 'Crouch' for  InputAction Crouch
[2020.01.29-23.10.49:256][295]LogUObjectHash: Compacting FUObjectHashTables data took   3.92ms
[2020.01.29-23.10.53:507][795]LogSlate: FSceneViewport::OnFocusLost() reason 0
[2020.01.29-23.10.53:583][804]LogTemp: Repeating last play command: Selected Viewport
[2020.01.29-23.10.53:592][804]LogBlueprintUserMessages: Early PlayInEditor Detection: Level '/Game/Levels/FirstPersonExampleMap.FirstPersonExampleMap:PersistentLevel' has LevelScriptBlueprint '/Game/Levels/FirstPersonExampleMap.FirstPersonExampleMap:PersistentLevel.FirstPersonExampleMap' with GeneratedClass '/Game/Levels/FirstPersonExampleMap.FirstPersonExampleMap_C' with ClassGeneratedBy '/Game/Levels/FirstPersonExampleMap.FirstPersonExampleMap:PersistentLevel.FirstPersonExampleMap'
[2020.01.29-23.10.53:592][804]LogPlayLevel: PlayLevel: No blueprints needed recompiling
[2020.01.29-23.10.53:593][804]PIE: New page: PIE session: FirstPersonExampleMap (Jan 29, 2020, 7:10:53 AM)
[2020.01.29-23.10.53:595][804]LogOnline: OSS: Creating online subsystem instance for: NULL
[2020.01.29-23.10.53:596][804]LogPlayLevel: Creating play world package: /Game/Levels/UEDPIE_0_FirstPersonExampleMap
[2020.01.29-23.10.53:609][804]LogPlayLevel: PIE: StaticDuplicateObject took: (0.012793s)
[2020.01.29-23.10.53:610][804]LogAIModule: Creating AISystem for world FirstPersonExampleMap
[2020.01.29-23.10.53:610][804]LogPlayLevel: PIE: World Init took: (0.000974s)
[2020.01.29-23.10.53:611][804]LogPlayLevel: PIE: Created PIE world by copying editor world from /Game/Levels/FirstPersonExampleMap.FirstPersonExampleMap to /Game/Levels/UEDPIE_0_FirstPersonExampleMap.FirstPersonExampleMap (0.014622s)
[2020.01.29-23.10.53:644][804]LogUObjectHash: Compacting FUObjectHashTables data took   3.38ms
[2020.01.29-23.10.53:660][804]LogInit: XAudio2 using 'Speakers (Vengeance 2100)' : 2 channels at 44.1 kHz using 16 bits per sample (channel mask 0x3)
[2020.01.29-23.10.53:671][804]LogInit: FAudioDevice initialized.
[2020.01.29-23.10.53:680][804]LogLoad: Game class is 'TG_2019GameMode'
[2020.01.29-23.10.53:682][804]LogWorld: Bringing World /Game/Levels/UEDPIE_0_FirstPersonExampleMap.FirstPersonExampleMap up for play (max tick rate 0) at 2020.01.29-15.10.53
[2020.01.29-23.10.53:688][804]LogWorld: Bringing up level for play took: 0.006795
[2020.01.29-23.10.53:688][804]LogOnline: OSS: Creating online subsystem instance for: :Context_18
[2020.01.29-23.10.53:698][804]LogContentBrowser: Native class hierarchy updated for 'MovieSceneCapture' in 0.0003 seconds. Added 20 classes and 0 folders.
[2020.01.29-23.10.53:699][804]PIE: Play in editor start time for /Game/Levels/UEDPIE_0_FirstPersonExampleMap 0.231
[2020.01.29-23.10.53:699][804]LogBlueprintUserMessages: Late PlayInEditor Detection: Level '/Game/Levels/FirstPersonExampleMap.FirstPersonExampleMap:PersistentLevel' has LevelScriptBlueprint '/Game/Levels/FirstPersonExampleMap.FirstPersonExampleMap:PersistentLevel.FirstPersonExampleMap' with GeneratedClass '/Game/Levels/FirstPersonExampleMap.FirstPersonExampleMap_C' with ClassGeneratedBy '/Game/Levels/FirstPersonExampleMap.FirstPersonExampleMap:PersistentLevel.FirstPersonExampleMap'
[2020.01.29-23.10.53:704][804]LogBlueprintUserMessages: [NPC_AI_BP_C_0] Ue4ASP_Character_2 AISense_Sight FirstPersonCharacter_C_0
[2020.01.29-23.10.54:548][874]LogBlueprintUserMessages: [NPC_AI_BP_C_0] Ue4ASP_Character_2 AISense_Sight FirstPersonCharacter_C_0
[2020.01.29-23.10.55:958][ 43]LogBlueprintUserMessages: [NPC_AI_BP_C_0] Ue4ASP_Character_2 AISense_Sight FirstPersonCharacter_C_0
[2020.01.29-23.10.56:725][135]LogBlueprintUserMessages: Early EndPlayMap Detection: Level '/Game/Levels/FirstPersonExampleMap.FirstPersonExampleMap:PersistentLevel' has LevelScriptBlueprint '/Game/Levels/FirstPersonExampleMap.FirstPersonExampleMap:PersistentLevel.FirstPersonExampleMap' with GeneratedClass '/Game/Levels/FirstPersonExampleMap.FirstPersonExampleMap_C' with ClassGeneratedBy '/Game/Levels/FirstPersonExampleMap.FirstPersonExampleMap:PersistentLevel.FirstPersonExampleMap'
[2020.01.29-23.10.56:726][135]LogSlate: Updating window title bar state: overlay mode, drag disabled, window buttons hidden, title bar hidden
[2020.01.29-23.10.56:726][135]LogWorld: BeginTearingDown for /Game/Levels/UEDPIE_0_FirstPersonExampleMap
[2020.01.29-23.10.56:727][135]LogWorld: UWorld::CleanupWorld for FirstPersonExampleMap, bSessionEnded=true, bCleanupResources=true
[2020.01.29-23.10.56:744][135]LogPlayLevel: Display: Shutting down PIE online subsystems
[2020.01.29-23.10.56:744][135]LogBlueprintUserMessages: Late EndPlayMap Detection: Level '/Game/Levels/FirstPersonExampleMap.FirstPersonExampleMap:PersistentLevel' has LevelScriptBlueprint '/Game/Levels/FirstPersonExampleMap.FirstPersonExampleMap:PersistentLevel.FirstPersonExampleMap' with GeneratedClass '/Game/Levels/FirstPersonExampleMap.FirstPersonExampleMap_C' with ClassGeneratedBy '/Game/Levels/FirstPersonExampleMap.FirstPersonExampleMap:PersistentLevel.FirstPersonExampleMap'
[2020.01.29-23.10.56:793][135]LogSlate: Updating window title bar state: overlay mode, drag disabled, window buttons hidden, title bar hidden
[2020.01.29-23.10.56:813][135]LogUObjectHash: Compacting FUObjectHashTables data took   3.73ms
[2020.01.29-23.10.56:825][136]LogPlayLevel: Display: Destroying online subsystem :Context_18
[2020.01.29-23.10.58:270][308]LogSlate: FSceneViewport::OnFocusLost() reason 0
[2020.01.29-23.11.00:793][596]LogWorld: UWorld::CleanupWorld for World_9, bSessionEnded=true, bCleanupResources=true
[2020.01.29-23.11.15:131][203]LogAssetEditorManager: Opening Asset editor for SkeletalMesh /Game/NPC/UE4_Mannequin/Mesh/SK_Mannequin.SK_Mannequin
[2020.01.29-23.11.15:137][203]LogActorComponent: RegisterComponentWithWorld: (/Engine/Transient.World_17:PersistentLevel.AnimationEditorPreviewActor_0.DebugSkelMeshComponent_0) Already registered. Aborting.
[2020.01.29-23.11.15:158][203]LogSkeletalMesh: USkeletalMeshComponent::InitArticulated : Bodies already created (/Engine/Transient.World_17:PersistentLevel.AnimationEditorPreviewActor_0.DebugSkelMeshComponent_0) - call TermArticulated first.
[2020.01.29-23.12.02:377][648]LogSlate: FSceneViewport::OnFocusLost() reason 0
[2020.01.29-23.12.02:453][655]Cmd: OBJ SAVEPACKAGE PACKAGE="/Game/NPC/UE4_Mannequin/Mesh/SK_Mannequin" FILE="F:/UdemyCourse/UE4C++/TG_2019/TG_2019/Content/NPC/UE4_Mannequin/Mesh/SK_Mannequin.uasset" SILENT=true
[2020.01.29-23.12.03:143][655]LogSavePackage: Moving 'F:/UdemyCourse/UE4C++/TG_2019/TG_2019/Saved/SK_Mannequin13E7648A42147BA01B2113A40D2F1E41.tmp' to 'F:/UdemyCourse/UE4C++/TG_2019/TG_2019/Content/NPC/UE4_Mannequin/Mesh/SK_Mannequin.uasset'
[2020.01.29-23.12.39:380][937]LogSlate: FSceneViewport::OnFocusLost() reason 0
[2020.01.29-23.12.59:838][241]LogSlate: FSceneViewport::OnFocusLost() reason 0
[2020.01.29-23.13.00:188][282]Cmd: OBJ SAVEPACKAGE PACKAGE="/Game/NPC/UE4_Mannequin/Mesh/SK_Mannequin" FILE="F:/UdemyCourse/UE4C++/TG_2019/TG_2019/Content/NPC/UE4_Mannequin/Mesh/SK_Mannequin.uasset" SILENT=true
[2020.01.29-23.13.00:233][282]LogSavePackage: Moving 'F:/UdemyCourse/UE4C++/TG_2019/TG_2019/Saved/SK_Mannequin64C64EBE46F196F0C2BBE09D187600DC.tmp' to 'F:/UdemyCourse/UE4C++/TG_2019/TG_2019/Content/NPC/UE4_Mannequin/Mesh/SK_Mannequin.uasset'
[2020.01.29-23.13.09:027][336]LogSlate: FSceneViewport::OnFocusLost() reason 0
[2020.01.29-23.13.09:960][448]LogTemp: Repeating last play command: Selected Viewport
[2020.01.29-23.13.09:968][448]LogBlueprintUserMessages: Early PlayInEditor Detection: Level '/Game/Levels/FirstPersonExampleMap.FirstPersonExampleMap:PersistentLevel' has LevelScriptBlueprint '/Game/Levels/FirstPersonExampleMap.FirstPersonExampleMap:PersistentLevel.FirstPersonExampleMap' with GeneratedClass '/Game/Levels/FirstPersonExampleMap.FirstPersonExampleMap_C' with ClassGeneratedBy '/Game/Levels/FirstPersonExampleMap.FirstPersonExampleMap:PersistentLevel.FirstPersonExampleMap'
[2020.01.29-23.13.09:969][448]LogPlayLevel: PlayLevel: No blueprints needed recompiling
[2020.01.29-23.13.09:969][448]PIE: New page: PIE session: FirstPersonExampleMap (Jan 29, 2020, 7:13:09 AM)
[2020.01.29-23.13.09:969][448]LogPlayLevel: Creating play world package: /Game/Levels/UEDPIE_0_FirstPersonExampleMap
[2020.01.29-23.13.09:980][448]LogPlayLevel: PIE: StaticDuplicateObject took: (0.011214s)
[2020.01.29-23.13.09:981][448]LogAIModule: Creating AISystem for world FirstPersonExampleMap
[2020.01.29-23.13.09:981][448]LogPlayLevel: PIE: World Init took: (0.000817s)
[2020.01.29-23.13.09:981][448]LogPlayLevel: PIE: Created PIE world by copying editor world from /Game/Levels/FirstPersonExampleMap.FirstPersonExampleMap to /Game/Levels/UEDPIE_0_FirstPersonExampleMap.FirstPersonExampleMap (0.012392s)
[2020.01.29-23.13.10:021][448]LogUObjectHash: Compacting FUObjectHashTables data took   3.41ms
[2020.01.29-23.13.10:037][448]LogInit: XAudio2 using 'Speakers (Vengeance 2100)' : 2 channels at 44.1 kHz using 16 bits per sample (channel mask 0x3)
[2020.01.29-23.13.10:046][448]LogInit: FAudioDevice initialized.
[2020.01.29-23.13.10:054][448]LogLoad: Game class is 'TG_2019GameMode'
[2020.01.29-23.13.10:056][448]LogWorld: Bringing World /Game/Levels/UEDPIE_0_FirstPersonExampleMap.FirstPersonExampleMap up for play (max tick rate 0) at 2020.01.29-15.13.10
[2020.01.29-23.13.10:057][448]LogWorld: Bringing up level for play took: 0.001984
[2020.01.29-23.13.10:057][448]LogOnline: OSS: Creating online subsystem instance for: :Context_20
[2020.01.29-23.13.10:059][448]PIE: Play in editor start time for /Game/Levels/UEDPIE_0_FirstPersonExampleMap 0.591
[2020.01.29-23.13.10:059][448]LogBlueprintUserMessages: Late PlayInEditor Detection: Level '/Game/Levels/FirstPersonExampleMap.FirstPersonExampleMap:PersistentLevel' has LevelScriptBlueprint '/Game/Levels/FirstPersonExampleMap.FirstPersonExampleMap:PersistentLevel.FirstPersonExampleMap' with GeneratedClass '/Game/Levels/FirstPersonExampleMap.FirstPersonExampleMap_C' with ClassGeneratedBy '/Game/Levels/FirstPersonExampleMap.FirstPersonExampleMap:PersistentLevel.FirstPersonExampleMap'
[2020.01.29-23.13.10:060][448]LogBlueprintUserMessages: [NPC_AI_BP_C_0] Ue4ASP_Character_2 AISense_Sight FirstPersonCharacter_C_0
[2020.01.29-23.13.10:664][519]LogBlueprintUserMessages: [NPC_AI_BP_C_0] Ue4ASP_Character_2 AISense_Sight FirstPersonCharacter_C_0
[2020.01.29-23.13.11:139][576]LogBlueprintUserMessages: [NPC_AI_BP_C_0] Ue4ASP_Character_2 AISense_Sight FirstPersonCharacter_C_0
[2020.01.29-23.13.11:756][650]LogBlueprintUserMessages: [NPC_AI_BP_C_0] Ue4ASP_Character_2 AISense_Sight FirstPersonCharacter_C_0
[2020.01.29-23.13.12:207][704]LogBlueprintUserMessages: [NPC_AI_BP_C_0] Ue4ASP_Character_2 AISense_Sight FirstPersonCharacter_C_0
[2020.01.29-23.13.14:667][999]LogBlueprintUserMessages: Early EndPlayMap Detection: Level '/Game/Levels/FirstPersonExampleMap.FirstPersonExampleMap:PersistentLevel' has LevelScriptBlueprint '/Game/Levels/FirstPersonExampleMap.FirstPersonExampleMap:PersistentLevel.FirstPersonExampleMap' with GeneratedClass '/Game/Levels/FirstPersonExampleMap.FirstPersonExampleMap_C' with ClassGeneratedBy '/Game/Levels/FirstPersonExampleMap.FirstPersonExampleMap:PersistentLevel.FirstPersonExampleMap'
[2020.01.29-23.13.14:668][999]LogSlate: Updating window title bar state: overlay mode, drag disabled, window buttons hidden, title bar hidden
[2020.01.29-23.13.14:668][999]LogWorld: BeginTearingDown for /Game/Levels/UEDPIE_0_FirstPersonExampleMap
[2020.01.29-23.13.14:668][999]LogWorld: UWorld::CleanupWorld for FirstPersonExampleMap, bSessionEnded=true, bCleanupResources=true
[2020.01.29-23.13.14:682][999]LogPlayLevel: Display: Shutting down PIE online subsystems
[2020.01.29-23.13.14:683][999]LogBlueprintUserMessages: Late EndPlayMap Detection: Level '/Game/Levels/FirstPersonExampleMap.FirstPersonExampleMap:PersistentLevel' has LevelScriptBlueprint '/Game/Levels/FirstPersonExampleMap.FirstPersonExampleMap:PersistentLevel.FirstPersonExampleMap' with GeneratedClass '/Game/Levels/FirstPersonExampleMap.FirstPersonExampleMap_C' with ClassGeneratedBy '/Game/Levels/FirstPersonExampleMap.FirstPersonExampleMap:PersistentLevel.FirstPersonExampleMap'
[2020.01.29-23.13.14:721][999]LogSlate: Updating window title bar state: overlay mode, drag disabled, window buttons hidden, title bar hidden
[2020.01.29-23.13.14:725][999]LogUObjectHash: Compacting FUObjectHashTables data took   2.92ms
[2020.01.29-23.13.14:773][  3]LogPlayLevel: Display: Destroying online subsystem :Context_20
[2020.01.29-23.13.52:369][122]LogSlate: FSceneViewport::OnFocusLost() reason 0
[2020.01.29-23.13.55:658][373]LogUObjectHash: Compacting FUObjectHashTables data took   0.90ms
[2020.01.29-23.13.55:880][373]LogSavePackage: Moving 'F:/UdemyCourse/UE4C++/TG_2019/TG_2019/Saved/FirstPersonExampleMap_Auto21FEE35AA4FA2F98282E694BE4E536141.tmp' to 'F:/UdemyCourse/UE4C++/TG_2019/TG_2019/Saved/Autosaves/Game/Levels/FirstPersonExampleMap_Auto2.umap'
[2020.01.29-23.13.55:882][373]LogFileHelpers: Editor autosave (incl. sublevels) for '/Game/Levels/FirstPersonExampleMap' took 0.257
[2020.01.29-23.13.55:882][373]LogFileHelpers: Editor autosave (incl. sublevels) for all levels took 0.257
[2020.01.29-23.13.55:884][373]OBJ SavePackage: Generating thumbnails for [1] asset(s) in package [/Game/NPC/Behaviors/PatrollingGuard_BP2] ([1] browsable assets)...
[2020.01.29-23.13.55:900][373]OBJ SavePackage:     Rendered thumbnail for [Blueprint /Game/NPC/Behaviors/PatrollingGuard_BP2.PatrollingGuard_BP2]
[2020.01.29-23.13.55:901][373]OBJ SavePackage: Finished generating thumbnails for package [/Game/NPC/Behaviors/PatrollingGuard_BP2]
[2020.01.29-23.13.55:934][373]LogSavePackage: Moving 'F:/UdemyCourse/UE4C++/TG_2019/TG_2019/Saved/PatrollingGuard_BP2_Auto2EBF726A747E9E1144A9A7DBEE0E2857D.tmp' to 'F:/UdemyCourse/UE4C++/TG_2019/TG_2019/Saved/Autosaves/Game/NPC/Behaviors/PatrollingGuard_BP2_Auto2.uasset'
[2020.01.29-23.13.55:935][373]OBJ SavePackage: Generating thumbnails for [0] asset(s) in package [/Game/NPC/UE4_Mannequin/Mesh/UE4_Mannequin_Skeleton] ([1] browsable assets)...
[2020.01.29-23.13.55:935][373]OBJ SavePackage: Finished generating thumbnails for package [/Game/NPC/UE4_Mannequin/Mesh/UE4_Mannequin_Skeleton]
[2020.01.29-23.13.55:944][373]LogSavePackage: Moving 'F:/UdemyCourse/UE4C++/TG_2019/TG_2019/Saved/UE4_Mannequin_Skeleton_Auto2C16F6BA04F2E5D02A48F00A4F909D82F.tmp' to 'F:/UdemyCourse/UE4C++/TG_2019/TG_2019/Saved/Autosaves/Game/NPC/UE4_Mannequin/Mesh/UE4_Mannequin_Skeleton_Auto2.uasset'
[2020.01.29-23.13.55:945][373]LogFileHelpers: Auto-saving content packages took 0.062
